Reading netlist file: "F:\Project\Sipeed\FPGA\Tang_Mega\Riscv-SoC\Project\DVP\impl\gwsynthesis\DVP.vg"
Parsing netlist file "F:\Project\Sipeed\FPGA\Tang_Mega\Riscv-SoC\Project\DVP\impl\gwsynthesis\DVP.vg" completed
Processing netlist completed
Reading constraint file: "F:\Project\Sipeed\FPGA\Tang_Mega\Riscv-SoC\Project\DVP\src\top.cst"
Physical Constraint parsed completed
Running placement......
[10%] Placement Phase 0 completed
[20%] Placement Phase 1 completed
[30%] Placement Phase 2 completed
WARN  (TA1132) :  'tck_pad_i' was determined to be a clock but was not created.
WARN  (TA1132) :  'vi_clk' was determined to be a clock but was not created.
WARN  (TA1118) : the clock "tmds_clk_p_1"'s frequency does not match DVI_RX/dvi2rgb_inst/PLL_inst's param "FCLKIN = "74.25""
[50%] Placement Phase 3 completed
Running routing......
[60%] Routing Phase 0 completed
[70%] Routing Phase 1 completed
[80%] Routing Phase 2 completed
WARN  (PR1014) : Generic routing resource will be used to clock signal 'clk_d' by the specified constraint. And then it may lead to the excessive delay or skew
WARN  (PR1014) : Generic routing resource will be used to clock signal 'cmos_pclk_d' by the specified constraint. And then it may lead to the excessive delay or skew
[90%] Routing Phase 3 completed
Running timing analysis......
[95%] Timing analysis completed
Placement and routing completed
Bitstream generation in progress......
Bitstream generation completed
Running power analysis......
[100%] Power analysis completed
Generate file "F:\Project\Sipeed\FPGA\Tang_Mega\Riscv-SoC\Project\DVP\impl\pnr\DVP.power.html" completed
Generate file "F:\Project\Sipeed\FPGA\Tang_Mega\Riscv-SoC\Project\DVP\impl\pnr\DVP.pin.html" completed
Generate file "F:\Project\Sipeed\FPGA\Tang_Mega\Riscv-SoC\Project\DVP\impl\pnr\DVP.rpt.html" completed
Generate file "F:\Project\Sipeed\FPGA\Tang_Mega\Riscv-SoC\Project\DVP\impl\pnr\DVP.rpt.txt" completed
Generate file "F:\Project\Sipeed\FPGA\Tang_Mega\Riscv-SoC\Project\DVP\impl\pnr\DVP.tr.html" completed
Wed Nov 27 21:34:22 2024

