Reading netlist file: "F:\Project\Sipeed\FPGA\Tang_Mega\Riscv-SoC\project\cam2dvi\impl\gwsynthesis\cam2dvi.vg"
Parsing netlist file "F:\Project\Sipeed\FPGA\Tang_Mega\Riscv-SoC\project\cam2dvi\impl\gwsynthesis\cam2dvi.vg" completed
Processing netlist completed
Reading constraint file: "F:\Project\Sipeed\FPGA\Tang_Mega\Riscv-SoC\project\cam2dvi\src\top.cst"
Physical Constraint parsed completed
Running placement......
[10%] Placement Phase 0 completed
[20%] Placement Phase 1 completed
[30%] Placement Phase 2 completed
WARN  (TA1132) :  'fb_vin_clk' was determined to be a clock but was not created.
[50%] Placement Phase 3 completed
Running routing......
[60%] Routing Phase 0 completed
[70%] Routing Phase 1 completed
[80%] Routing Phase 2 completed
WARN  (PR1014) : Generic routing resource will be used to clock signal 'clk_d' by the specified constraint. And then it may lead to the excessive delay or skew
WARN  (PR1014) : Generic routing resource will be used to clock signal 'cmos_pclk_d' by the specified constraint. And then it may lead to the excessive delay or skew
[90%] Routing Phase 3 completed
Running timing analysis......
[95%] Timing analysis completed
Placement and routing completed
Bitstream generation in progress......
Bitstream generation completed
Running power analysis......
[100%] Power analysis completed
Generate file "F:\Project\Sipeed\FPGA\Tang_Mega\Riscv-SoC\project\cam2dvi\impl\pnr\cam2dvi.power.html" completed
Generate file "F:\Project\Sipeed\FPGA\Tang_Mega\Riscv-SoC\project\cam2dvi\impl\pnr\cam2dvi.pin.html" completed
Generate file "F:\Project\Sipeed\FPGA\Tang_Mega\Riscv-SoC\project\cam2dvi\impl\pnr\cam2dvi.rpt.html" completed
Generate file "F:\Project\Sipeed\FPGA\Tang_Mega\Riscv-SoC\project\cam2dvi\impl\pnr\cam2dvi.rpt.txt" completed
Generate file "F:\Project\Sipeed\FPGA\Tang_Mega\Riscv-SoC\project\cam2dvi\impl\pnr\cam2dvi.tr.html" completed
Sun Oct 27 20:08:17 2024

